app/build/intermediates/manifest_merge_blame_file/debug/manifest-merger-blame-debug-report.txt
1<?xml version="1.0" encoding="utf-8"?>
2<!-- suppress AndroidDomInspection -->
3<manifest xmlns:android="http://schemas.android.com/apk/res/android"
4    package="pdf.pdftool"
5    android:versionCode="1"
6    android:versionName="1.0" >
7
8    <uses-sdk
9        android:minSdkVersion="21"
9-->src\main\AndroidManifest.xml
10        android:targetSdkVersion="29" />
10-->src\main\AndroidManifest.xml
11
12    <uses-permission android:name="android.permission.WRITE_EXTERNAL_STORAGE" />
12-->src\main\AndroidManifest.xml:6:5-81
12-->src\main\AndroidManifest.xml:6:22-78
13    <uses-permission android:name="android.permission.READ_EXTERNAL_STORAGE" />
13-->src\main\AndroidManifest.xml:7:5-80
13-->src\main\AndroidManifest.xml:7:22-77
14
15    <uses-feature android:name="android.hardware.camera" />
15-->src\main\AndroidManifest.xml:9:5-60
15-->src\main\AndroidManifest.xml:9:19-57
16    <uses-feature
16-->src\main\AndroidManifest.xml:10:5-12:36
17        android:name="android.hardware.camera.autofocus"
17-->src\main\AndroidManifest.xml:11:9-57
18        android:required="false" />
18-->src\main\AndroidManifest.xml:12:9-33
19
20    <uses-permission android:name="android.permission.CAMERA" />
20-->src\main\AndroidManifest.xml:14:5-65
20-->src\main\AndroidManifest.xml:14:22-62
21
22    <uses-feature
22-->[com.journeyapps:zxing-android-embedded:3.4.0] AndroidManifest.xml:27:5-29:36
23        android:name="android.hardware.camera.front"
23-->[com.journeyapps:zxing-android-embedded:3.4.0] AndroidManifest.xml:28:9-53
24        android:required="false" />
24-->[com.journeyapps:zxing-android-embedded:3.4.0] AndroidManifest.xml:29:9-33
25    <uses-feature
25-->[com.journeyapps:zxing-android-embedded:3.4.0] AndroidManifest.xml:35:5-37:36
26        android:name="android.hardware.camera.flash"
26-->[com.journeyapps:zxing-android-embedded:3.4.0] AndroidManifest.xml:36:9-53
27        android:required="false" />
27-->[com.journeyapps:zxing-android-embedded:3.4.0] AndroidManifest.xml:37:9-33
28    <uses-feature
28-->[com.journeyapps:zxing-android-embedded:3.4.0] AndroidManifest.xml:38:5-40:36
29        android:name="android.hardware.screen.landscape"
29-->[com.journeyapps:zxing-android-embedded:3.4.0] AndroidManifest.xml:39:9-57
30        android:required="false" />
30-->[com.journeyapps:zxing-android-embedded:3.4.0] AndroidManifest.xml:40:9-33
31    <uses-feature
31-->[com.journeyapps:zxing-android-embedded:3.4.0] AndroidManifest.xml:41:5-43:36
32        android:name="android.hardware.wifi"
32-->[com.journeyapps:zxing-android-embedded:3.4.0] AndroidManifest.xml:42:9-45
33        android:required="false" />
33-->[com.journeyapps:zxing-android-embedded:3.4.0] AndroidManifest.xml:43:9-33
34
35    <uses-permission android:name="android.permission.INTERNET" />
35-->[com.facebook.android:audience-network-sdk:5.11.0] AndroidManifest.xml:11:5-67
35-->[com.facebook.android:audience-network-sdk:5.11.0] AndroidManifest.xml:11:22-64
36    <uses-permission android:name="android.permission.ACCESS_NETWORK_STATE" />
36-->[com.facebook.android:audience-network-sdk:5.11.0] AndroidManifest.xml:12:5-79
36-->[com.facebook.android:audience-network-sdk:5.11.0] AndroidManifest.xml:12:22-76
37    <uses-permission android:name="android.permission.WAKE_LOCK" />
37-->[com.google.android.gms:play-services-measurement-sdk-api:17.2.0] AndroidManifest.xml:25:5-68
37-->[com.google.android.gms:play-services-measurement-sdk-api:17.2.0] AndroidManifest.xml:25:22-65
38
39    <application
39-->src\main\AndroidManifest.xml:16:5-84:19
40        android:name="pdf.pdftool.util.PDFApplication"
40-->src\main\AndroidManifest.xml:17:9-44
41        android:allowBackup="true"
41-->src\main\AndroidManifest.xml:18:9-35
42        android:appComponentFactory="androidx.core.app.CoreComponentFactory"
42-->[androidx.core:core:1.3.0] AndroidManifest.xml:24:18-86
43        android:debuggable="true"
44        android:fullBackupContent="@xml/backup_descriptor"
44-->src\main\AndroidManifest.xml:19:9-59
45        android:hardwareAccelerated="true"
45-->src\main\AndroidManifest.xml:20:9-43
46        android:icon="@drawable/app_icon"
46-->src\main\AndroidManifest.xml:21:9-42
47        android:label="@string/app_name"
47-->src\main\AndroidManifest.xml:22:9-41
48        android:largeHeap="true"
48-->src\main\AndroidManifest.xml:24:9-33
49        android:requestLegacyExternalStorage="true"
49-->src\main\AndroidManifest.xml:25:9-52
50        android:roundIcon="@drawable/ic_launcher_round"
50-->src\main\AndroidManifest.xml:23:9-56
51        android:supportsRtl="true"
51-->src\main\AndroidManifest.xml:26:9-35
52        android:theme="@style/AppThemeWhite" >
52-->src\main\AndroidManifest.xml:27:9-45
53
54        <!-- Sample AdMob App ID: ca-app-pub-3940256099942544~3347511713 -->
55        <meta-data
55-->src\main\AndroidManifest.xml:30:9-32:51
56            android:name="com.google.android.gms.ads.APPLICATION_ID"
56-->src\main\AndroidManifest.xml:31:13-69
57            android:value="@string/Admob_app_id" />
57-->src\main\AndroidManifest.xml:32:13-49
58
59        <activity
59-->src\main\AndroidManifest.xml:34:9-36:59
60            android:name="com.theartofdev.edmodo.cropper.CropImageActivity"
60-->src\main\AndroidManifest.xml:35:13-76
61            android:theme="@style/Base.Theme.AppCompat" />
61-->src\main\AndroidManifest.xml:36:13-56
62        <activity
62-->src\main\AndroidManifest.xml:37:9-63:20
63            android:name="pdf.pdftool.activity.MainActivity"
63-->src\main\AndroidManifest.xml:38:13-61
64            android:label="@string/app_name"
64-->src\main\AndroidManifest.xml:39:13-45
65            android:screenOrientation="portrait"
65-->src\main\AndroidManifest.xml:40:13-49
66            android:windowSoftInputMode="adjustPan" >
66-->src\main\AndroidManifest.xml:41:13-52
67            <intent-filter>
67-->src\main\AndroidManifest.xml:42:13-46:29
68                <action android:name="android.intent.action.MAIN" />
68-->src\main\AndroidManifest.xml:43:17-69
68-->src\main\AndroidManifest.xml:43:25-66
69
70                <category android:name="android.intent.category.LAUNCHER" />
70-->src\main\AndroidManifest.xml:45:17-77
70-->src\main\AndroidManifest.xml:45:27-74
71            </intent-filter>
72            <intent-filter>
72-->src\main\AndroidManifest.xml:48:13-52:29
73                <action android:name="android.intent.action.SEND_MULTIPLE" />
73-->src\main\AndroidManifest.xml:49:17-78
73-->src\main\AndroidManifest.xml:49:25-75
74
75                <category android:name="android.intent.category.DEFAULT" />
75-->src\main\AndroidManifest.xml:50:17-76
75-->src\main\AndroidManifest.xml:50:27-73
76
77                <data android:mimeType="image/*" />
77-->src\main\AndroidManifest.xml:51:17-52
77-->src\main\AndroidManifest.xml:51:23-49
78            </intent-filter>
79            <intent-filter>
79-->src\main\AndroidManifest.xml:54:13-58:29
80                <action android:name="android.intent.action.SEND" />
80-->src\main\AndroidManifest.xml:55:17-69
80-->src\main\AndroidManifest.xml:55:25-66
81
82                <category android:name="android.intent.category.DEFAULT" />
82-->src\main\AndroidManifest.xml:50:17-76
82-->src\main\AndroidManifest.xml:50:27-73
83
84                <data android:mimeType="image/*" />
84-->src\main\AndroidManifest.xml:51:17-52
84-->src\main\AndroidManifest.xml:51:23-49
85            </intent-filter>
86
87            <meta-data
87-->src\main\AndroidManifest.xml:60:13-62:53
88                android:name="android.app.shortcuts"
88-->src\main\AndroidManifest.xml:61:17-53
89                android:resource="@xml/shortcuts" />
89-->src\main\AndroidManifest.xml:62:17-50
90        </activity>
91        <activity android:name="pdf.pdftool.activity.CropImageActivity" />
91-->src\main\AndroidManifest.xml:64:9-75
91-->src\main\AndroidManifest.xml:64:19-72
92
93        <provider
93-->src\main\AndroidManifest.xml:66:9-74:20
94            android:name="androidx.core.content.FileProvider"
94-->src\main\AndroidManifest.xml:67:13-62
95            android:authorities="com.pdf.pdftool"
95-->src\main\AndroidManifest.xml:68:13-50
96            android:exported="false"
96-->src\main\AndroidManifest.xml:69:13-37
97            android:grantUriPermissions="true" >
97-->src\main\AndroidManifest.xml:70:13-47
98            <meta-data
98-->src\main\AndroidManifest.xml:71:13-73:58
99                android:name="android.support.FILE_PROVIDER_PATHS"
99-->src\main\AndroidManifest.xml:72:17-67
100                android:resource="@xml/provider_paths" />
100-->src\main\AndroidManifest.xml:73:17-55
101        </provider>
102
103        <activity android:name="pdf.pdftool.activity.WelcomeActivity" />
103-->src\main\AndroidManifest.xml:76:9-73
103-->src\main\AndroidManifest.xml:76:19-70
104        <activity android:name="pdf.pdftool.activity.ImageEditor" />
104-->src\main\AndroidManifest.xml:77:9-69
104-->src\main\AndroidManifest.xml:77:19-66
105        <activity android:name="pdf.pdftool.activity.PreviewActivity" />
105-->src\main\AndroidManifest.xml:78:9-73
105-->src\main\AndroidManifest.xml:78:19-70
106        <activity android:name="pdf.pdftool.activity.RearrangeImages" />
106-->src\main\AndroidManifest.xml:79:9-73
106-->src\main\AndroidManifest.xml:79:19-70
107        <activity android:name="pdf.pdftool.activity.ImagesPreviewActivity" />
107-->src\main\AndroidManifest.xml:80:9-79
107-->src\main\AndroidManifest.xml:80:19-76
108        <activity android:name="pdf.pdftool.activity.RearrangePdfPages" />
108-->src\main\AndroidManifest.xml:81:9-75
108-->src\main\AndroidManifest.xml:81:19-72
109        <activity android:name="pdf.pdftool.activity.FavouritesActivity" />
109-->src\main\AndroidManifest.xml:82:9-75
109-->src\main\AndroidManifest.xml:82:19-73
110        <activity android:name="com.zhihu.matisse.ui.MatisseActivity" />
110-->[com.zhihu.android:matisse:0.5.3-beta3] AndroidManifest.xml:28:9-73
110-->[com.zhihu.android:matisse:0.5.3-beta3] AndroidManifest.xml:28:19-70
111        <activity android:name="com.zhihu.matisse.internal.ui.AlbumPreviewActivity" />
111-->[com.zhihu.android:matisse:0.5.3-beta3] AndroidManifest.xml:29:9-87
111-->[com.zhihu.android:matisse:0.5.3-beta3] AndroidManifest.xml:29:19-84
112        <activity android:name="com.zhihu.matisse.internal.ui.SelectedPreviewActivity" />
112-->[com.zhihu.android:matisse:0.5.3-beta3] AndroidManifest.xml:30:9-90
112-->[com.zhihu.android:matisse:0.5.3-beta3] AndroidManifest.xml:30:19-87
113        <activity
113-->[com.journeyapps:zxing-android-embedded:3.4.0] AndroidManifest.xml:46:9-52:63
114            android:name="com.journeyapps.barcodescanner.CaptureActivity"
114-->[com.journeyapps:zxing-android-embedded:3.4.0] AndroidManifest.xml:47:13-74
115            android:clearTaskOnLaunch="true"
115-->[com.journeyapps:zxing-android-embedded:3.4.0] AndroidManifest.xml:48:13-45
116            android:screenOrientation="sensorLandscape"
116-->[com.journeyapps:zxing-android-embedded:3.4.0] AndroidManifest.xml:49:13-56
117            android:stateNotNeeded="true"
117-->[com.journeyapps:zxing-android-embedded:3.4.0] AndroidManifest.xml:50:13-42
118            android:theme="@style/zxing_CaptureTheme"
118-->[com.journeyapps:zxing-android-embedded:3.4.0] AndroidManifest.xml:51:13-54
119            android:windowSoftInputMode="stateAlwaysHidden" />
119-->[com.journeyapps:zxing-android-embedded:3.4.0] AndroidManifest.xml:52:13-60
120        <activity
120-->[com.facebook.android:audience-network-sdk:5.11.0] AndroidManifest.xml:15:9-19:75
121            android:name="com.facebook.ads.AudienceNetworkActivity"
121-->[com.facebook.android:audience-network-sdk:5.11.0] AndroidManifest.xml:16:13-68
122            android:configChanges="keyboardHidden|orientation|screenSize"
122-->[com.facebook.android:audience-network-sdk:5.11.0] AndroidManifest.xml:17:13-74
123            android:exported="false"
123-->[com.facebook.android:audience-network-sdk:5.11.0] AndroidManifest.xml:18:13-37
124            android:theme="@android:style/Theme.Translucent.NoTitleBar" />
124-->[com.facebook.android:audience-network-sdk:5.11.0] AndroidManifest.xml:19:13-72
125
126        <provider
126-->[com.facebook.android:audience-network-sdk:5.11.0] AndroidManifest.xml:21:9-24:40
127            android:name="com.facebook.ads.AudienceNetworkContentProvider"
127-->[com.facebook.android:audience-network-sdk:5.11.0] AndroidManifest.xml:22:13-75
128            android:authorities="pdf.pdftool.AudienceNetworkContentProvider"
128-->[com.facebook.android:audience-network-sdk:5.11.0] AndroidManifest.xml:23:13-82
129            android:exported="false" /> <!-- Include the AdActivity and InAppPurchaseActivity configChanges and themes. -->
129-->[com.facebook.android:audience-network-sdk:5.11.0] AndroidManifest.xml:24:13-37
130        <activity
130-->[com.google.android.gms:play-services-ads-lite:19.4.0] AndroidManifest.xml:29:9-33:64
131            android:name="com.google.android.gms.ads.AdActivity"
131-->[com.google.android.gms:play-services-ads-lite:19.4.0] AndroidManifest.xml:30:13-65
132            android:configChanges="keyboard|keyboardHidden|orientation|screenLayout|uiMode|screenSize|smallestScreenSize"
132-->[com.google.android.gms:play-services-ads-lite:19.4.0] AndroidManifest.xml:31:13-122
133            android:exported="false"
133-->[com.google.android.gms:play-services-ads-lite:19.4.0] AndroidManifest.xml:32:13-37
134            android:theme="@android:style/Theme.Translucent" />
134-->[com.google.android.gms:play-services-ads-lite:19.4.0] AndroidManifest.xml:33:13-61
135
136        <provider
136-->[com.google.android.gms:play-services-ads-lite:19.4.0] AndroidManifest.xml:35:9-39:39
137            android:name="com.google.android.gms.ads.MobileAdsInitProvider"
137-->[com.google.android.gms:play-services-ads-lite:19.4.0] AndroidManifest.xml:36:13-76
138            android:authorities="pdf.pdftool.mobileadsinitprovider"
138-->[com.google.android.gms:play-services-ads-lite:19.4.0] AndroidManifest.xml:37:13-73
139            android:exported="false"
139-->[com.google.android.gms:play-services-ads-lite:19.4.0] AndroidManifest.xml:38:13-37
140            android:initOrder="100" />
140-->[com.google.android.gms:play-services-ads-lite:19.4.0] AndroidManifest.xml:39:13-36
141
142        <service
142-->[com.google.android.gms:play-services-ads-lite:19.4.0] AndroidManifest.xml:41:9-44:40
143            android:name="com.google.android.gms.ads.AdService"
143-->[com.google.android.gms:play-services-ads-lite:19.4.0] AndroidManifest.xml:42:13-64
144            android:enabled="true"
144-->[com.google.android.gms:play-services-ads-lite:19.4.0] AndroidManifest.xml:43:13-35
145            android:exported="false" />
145-->[com.google.android.gms:play-services-ads-lite:19.4.0] AndroidManifest.xml:44:13-37
146
147        <meta-data
147-->[com.google.android.gms:play-services-basement:17.3.0] AndroidManifest.xml:23:9-25:69
148            android:name="com.google.android.gms.version"
148-->[com.google.android.gms:play-services-basement:17.3.0] AndroidManifest.xml:24:13-58
149            android:value="@integer/google_play_services_version" />
149-->[com.google.android.gms:play-services-basement:17.3.0] AndroidManifest.xml:25:13-66
150
151        <activity
151-->[lib.kashif:folderpicker:2.4] AndroidManifest.xml:15:9-17:52
152            android:name="lib.folderpicker.FolderPicker"
152-->[lib.kashif:folderpicker:2.4] AndroidManifest.xml:16:13-57
153            android:screenOrientation="portrait" />
153-->[lib.kashif:folderpicker:2.4] AndroidManifest.xml:17:13-49
154    </application>
155
156</manifest>